<?xml version="1.0" encoding="UTF-8"?>
<testng-results skipped="0" failed="0" total="2" passed="2">
  <reporter-output>
  </reporter-output>
  <suite name="Suite" duration-ms="22958" started-at="2016-03-31T05:46:02Z" finished-at="2016-03-31T05:46:25Z">
    <groups>
    </groups>
    <test name="Test" duration-ms="22958" started-at="2016-03-31T05:46:02Z" finished-at="2016-03-31T05:46:25Z">
      <class name="com.learnautomation.selenium.DemoforMaven">
        <test-method status="PASS" signature="test123()[pri:0, instance:com.learnautomation.selenium.DemoforMaven@17550481]" name="test123" duration-ms="22829" started-at="2016-03-31T00:46:03Z" finished-at="2016-03-31T00:46:25Z">
          <reporter-output>
          </reporter-output>
        </test-method> <!-- test123 -->
        <test-method status="PASS" signature="testHello()[pri:0, instance:com.learnautomation.selenium.DemoforMaven@17550481]" name="testHello" duration-ms="3" started-at="2016-03-31T00:46:25Z" finished-at="2016-03-31T00:46:25Z">
          <reporter-output>
          </reporter-output>
        </test-method> <!-- testHello -->
      </class> <!-- com.learnautomation.selenium.DemoforMaven -->
    </test> <!-- Test -->
  </suite> <!-- Suite -->
</testng-results>
