<?xml version="1.0" encoding="UTF-8"?>
<testng-results skipped="0" failed="0" total="2" passed="2">
  <reporter-output>
  </reporter-output>
  <suite name="Suite" duration-ms="21630" started-at="2016-03-31T06:17:42Z" finished-at="2016-03-31T06:18:04Z">
    <groups>
    </groups>
    <test name="Test" duration-ms="21630" started-at="2016-03-31T06:17:42Z" finished-at="2016-03-31T06:18:04Z">
      <class name="com.learnautomation.selenium.DemoforMaven">
        <test-method status="PASS" signature="test123()[pri:0, instance:com.learnautomation.selenium.DemoforMaven@73f792cf]" name="test123" duration-ms="21589" started-at="2016-03-31T01:17:42Z" finished-at="2016-03-31T01:18:04Z">
          <reporter-output>
          </reporter-output>
        </test-method> <!-- test123 -->
        <test-method status="PASS" signature="testHello()[pri:0, instance:com.learnautomation.selenium.DemoforMaven@73f792cf]" name="testHello" duration-ms="1" started-at="2016-03-31T01:18:04Z" finished-at="2016-03-31T01:18:04Z">
          <reporter-output>
          </reporter-output>
        </test-method> <!-- testHello -->
      </class> <!-- com.learnautomation.selenium.DemoforMaven -->
    </test> <!-- Test -->
  </suite> <!-- Suite -->
</testng-results>
