<?xml version="1.0" encoding="UTF-8"?>
<testsuite xmlns:xsi="http://www.w3.org/2001/XMLSchema-instance" xsi:schemaLocation="https://maven.apache.org/surefire/maven-surefire-plugin/xsd/surefire-test-report.xsd" name="TestSuite" time="23.213" tests="2" errors="0" skipped="0" failures="0">
  <properties>
[...]
</properties>
  <testcase name="test123" classname="com.learnautomation.selenium.DemoforMaven" time="21.589"/>
  <testcase name="testHello" classname="com.learnautomation.selenium.DemoforMaven" time="0"/>
</testsuite>